{"C:\\Users\\user pc\\Desktop\\BACKEND\\Liquifact-backend\\src\\index.js": {"path":"C:\\Users\\user pc\\Desktop\\BACKEND\\Liquifact-backend\\src\\index.js","all":false,"statementMap":{"5":{"start":{"line":6,"column":0},"end":{"line":6,"column":35}},"6":{"start":{"line":7,"column":0},"end":{"line":7,"column":29}},"7":{"start":{"line":8,"column":0},"end":{"line":8,"column":27}},"9":{"start":{"line":10,"column":0},"end":{"line":10,"column":22}},"10":{"start":{"line":11,"column":0},"end":{"line":11,"column":38}},"12":{"start":{"line":13,"column":0},"end":{"line":13,"column":16}},"13":{"start":{"line":14,"column":0},"end":{"line":14,"column":24}},"23":{"start":{"line":24,"column":0},"end":{"line":24,"column":34}},"24":{"start":{"line":25,"column":0},"end":{"line":25,"column":12}},"25":{"start":{"line":26,"column":0},"end":{"line":26,"column":17}},"26":{"start":{"line":27,"column":0},"end":{"line":27,"column":29}},"27":{"start":{"line":28,"column":0},"end":{"line":28,"column":21}},"28":{"start":{"line":29,"column":0},"end":{"line":29,"column":40}},"29":{"start":{"line":30,"column":0},"end":{"line":30,"column":5}},"30":{"start":{"line":31,"column":0},"end":{"line":31,"column":3}},"40":{"start":{"line":41,"column":0},"end":{"line":41,"column":31}},"41":{"start":{"line":42,"column":0},"end":{"line":42,"column":12}},"42":{"start":{"line":43,"column":0},"end":{"line":43,"column":26}},"43":{"start":{"line":44,"column":0},"end":{"line":44,"column":63}},"44":{"start":{"line":45,"column":0},"end":{"line":45,"column":16}},"45":{"start":{"line":46,"column":0},"end":{"line":46,"column":28}},"46":{"start":{"line":47,"column":0},"end":{"line":47,"column":41}},"47":{"start":{"line":48,"column":0},"end":{"line":48,"column":37}},"48":{"start":{"line":49,"column":0},"end":{"line":49,"column":6}},"49":{"start":{"line":50,"column":0},"end":{"line":50,"column":5}},"50":{"start":{"line":51,"column":0},"end":{"line":51,"column":3}},"60":{"start":{"line":61,"column":0},"end":{"line":61,"column":40}},"61":{"start":{"line":62,"column":0},"end":{"line":62,"column":12}},"62":{"start":{"line":63,"column":0},"end":{"line":63,"column":13}},"63":{"start":{"line":64,"column":0},"end":{"line":64,"column":66}},"64":{"start":{"line":65,"column":0},"end":{"line":65,"column":5}},"65":{"start":{"line":66,"column":0},"end":{"line":66,"column":3}},"75":{"start":{"line":76,"column":0},"end":{"line":76,"column":41}},"76":{"start":{"line":77,"column":0},"end":{"line":77,"column":24}},"77":{"start":{"line":78,"column":0},"end":{"line":78,"column":64}},"78":{"start":{"line":79,"column":0},"end":{"line":79,"column":86}},"79":{"start":{"line":80,"column":0},"end":{"line":80,"column":5}},"80":{"start":{"line":81,"column":0},"end":{"line":81,"column":3}},"90":{"start":{"line":91,"column":0},"end":{"line":91,"column":49}},"91":{"start":{"line":92,"column":0},"end":{"line":92,"column":35}},"92":{"start":{"line":93,"column":0},"end":{"line":93,"column":12}},"93":{"start":{"line":94,"column":0},"end":{"line":94,"column":62}},"94":{"start":{"line":95,"column":0},"end":{"line":95,"column":64}},"95":{"start":{"line":96,"column":0},"end":{"line":96,"column":5}},"96":{"start":{"line":97,"column":0},"end":{"line":97,"column":3}},"105":{"start":{"line":106,"column":0},"end":{"line":106,"column":29}},"106":{"start":{"line":107,"column":0},"end":{"line":107,"column":43}},"107":{"start":{"line":108,"column":0},"end":{"line":108,"column":41}},"108":{"start":{"line":109,"column":0},"end":{"line":109,"column":3}},"109":{"start":{"line":110,"column":0},"end":{"line":110,"column":63}},"110":{"start":{"line":111,"column":0},"end":{"line":111,"column":3}},"122":{"start":{"line":123,"column":0},"end":{"line":123,"column":35}},"123":{"start":{"line":124,"column":0},"end":{"line":124,"column":21}},"124":{"start":{"line":125,"column":0},"end":{"line":125,"column":59}},"125":{"start":{"line":126,"column":0},"end":{"line":126,"column":3}},"130":{"start":{"line":131,"column":0},"end":{"line":131,"column":27}},"131":{"start":{"line":132,"column":0},"end":{"line":132,"column":41}},"132":{"start":{"line":133,"column":0},"end":{"line":133,"column":69}},"133":{"start":{"line":134,"column":0},"end":{"line":134,"column":5}},"134":{"start":{"line":135,"column":0},"end":{"line":135,"column":16}},"135":{"start":{"line":136,"column":0},"end":{"line":136,"column":2}},"138":{"start":{"line":139,"column":0},"end":{"line":139,"column":38}},"139":{"start":{"line":140,"column":0},"end":{"line":140,"column":16}},"140":{"start":{"line":141,"column":0},"end":{"line":141,"column":1}},"142":{"start":{"line":143,"column":0},"end":{"line":143,"column":38}}},"s":{"5":1,"6":1,"7":1,"9":1,"10":1,"12":1,"13":1,"23":1,"24":1,"25":1,"26":1,"27":1,"28":1,"29":1,"30":1,"40":1,"41":1,"42":1,"43":1,"44":1,"45":1,"46":1,"47":1,"48":1,"49":1,"50":1,"60":1,"61":1,"62":1,"63":1,"64":1,"65":1,"75":1,"76":1,"77":1,"78":1,"79":1,"80":1,"90":1,"91":1,"92":1,"93":1,"94":1,"95":1,"96":1,"105":1,"106":2,"107":1,"108":1,"109":1,"110":1,"122":1,"123":1,"124":1,"125":1,"130":1,"131":1,"132":1,"133":1,"134":1,"135":1,"138":1,"139":0,"140":0,"142":1},"branchMap":{"0":{"type":"branch","line":139,"loc":{"start":{"line":139,"column":37},"end":{"line":141,"column":1}},"locations":[{"start":{"line":139,"column":37},"end":{"line":141,"column":1}}]},"1":{"type":"branch","line":24,"loc":{"start":{"line":24,"column":19},"end":{"line":31,"column":3}},"locations":[{"start":{"line":24,"column":19},"end":{"line":31,"column":3}}]},"2":{"type":"branch","line":41,"loc":{"start":{"line":41,"column":16},"end":{"line":51,"column":3}},"locations":[{"start":{"line":41,"column":16},"end":{"line":51,"column":3}}]},"3":{"type":"branch","line":61,"loc":{"start":{"line":61,"column":25},"end":{"line":66,"column":3}},"locations":[{"start":{"line":61,"column":25},"end":{"line":66,"column":3}}]},"4":{"type":"branch","line":76,"loc":{"start":{"line":76,"column":26},"end":{"line":81,"column":3}},"locations":[{"start":{"line":76,"column":26},"end":{"line":81,"column":3}}]},"5":{"type":"branch","line":91,"loc":{"start":{"line":91,"column":34},"end":{"line":97,"column":3}},"locations":[{"start":{"line":91,"column":34},"end":{"line":97,"column":3}}]},"6":{"type":"branch","line":106,"loc":{"start":{"line":106,"column":8},"end":{"line":111,"column":3}},"locations":[{"start":{"line":106,"column":8},"end":{"line":111,"column":3}}]},"7":{"type":"branch","line":107,"loc":{"start":{"line":107,"column":42},"end":{"line":111,"column":3}},"locations":[{"start":{"line":107,"column":42},"end":{"line":111,"column":3}}]},"8":{"type":"branch","line":123,"loc":{"start":{"line":123,"column":8},"end":{"line":126,"column":3}},"locations":[{"start":{"line":123,"column":8},"end":{"line":126,"column":3}}]},"9":{"type":"branch","line":131,"loc":{"start":{"line":131,"column":20},"end":{"line":136,"column":2}},"locations":[{"start":{"line":131,"column":20},"end":{"line":136,"column":2}}]},"10":{"type":"branch","line":132,"loc":{"start":{"line":132,"column":34},"end":{"line":134,"column":3}},"locations":[{"start":{"line":132,"column":34},"end":{"line":134,"column":3}}]}},"b":{"0":[0],"1":[1],"2":[1],"3":[1],"4":[1],"5":[1],"6":[2],"7":[1],"8":[1],"9":[1],"10":[1]},"fnMap":{"0":{"name":"startServer","decl":{"start":{"line":131,"column":20},"end":{"line":136,"column":2}},"loc":{"start":{"line":131,"column":20},"end":{"line":136,"column":2}},"line":131}},"f":{"0":1}}
}
