TN:
FN:19,(anonymous_1)
FN:32,(anonymous_2)
FN:36,(anonymous_3)
FN:44,(anonymous_4)
FN:53,(anonymous_5)
FN:59,(anonymous_6)
FN:67,(anonymous_7)
FNF:8
FNH:7
FNDA:63,parseSize
FNDA:0,sendPayloadTooLarge
FNDA:42,jsonBodyLimit
FNDA:26,jsonSizeGuard
FNDA:21,urlencodedBodyLimit
FNDA:24,urlencodedSizeGuard
FNDA:2,payloadTooLargeHandler
FNDA:21,invoiceBodyLimit
DA:13,3
DA:25,3
DA:51,63
DA:52,0
DA:55,63
DA:56,63
DA:57,0
DA:60,63
DA:61,63
DA:63,63
DA:64,63
DA:76,0
DA:98,42
DA:99,42
DA:101,42
DA:112,26
DA:113,26
DA:114,0
DA:116,26
DA:131,21
DA:132,21
DA:134,21
DA:145,24
DA:146,24
DA:147,0
DA:149,24
DA:170,2
DA:171,0
DA:177,2
DA:193,21
DA:196,3
LF:31
LH:25
BRDA:26,0,0,3
BRDA:26,0,1,3
BRDA:27,1,0,3
BRDA:27,1,1,3
BRDA:28,2,0,3
BRDA:28,2,1,3
BRDA:29,3,0,3
BRDA:29,3,1,3
BRDA:51,4,0,0
BRDA:51,4,1,63
BRDA:51,5,0,63
BRDA:51,5,1,63
BRDA:56,6,0,0
BRDA:56,6,1,63
BRDA:61,7,0,63
BRDA:61,7,1,0
BRDA:98,8,0,42
BRDA:98,8,1,21
BRDA:112,9,0,26
BRDA:112,9,1,24
BRDA:113,10,0,0
BRDA:113,10,1,26
BRDA:113,11,0,26
BRDA:113,11,1,26
BRDA:131,12,0,21
BRDA:131,12,1,21
BRDA:145,13,0,24
BRDA:145,13,1,23
BRDA:146,14,0,0
BRDA:146,14,1,24
BRDA:146,15,0,24
BRDA:146,15,1,24
BRDA:170,16,0,0
BRDA:170,16,1,2
BRDA:193,17,0,21
BRDA:193,17,1,21
BRF:36
BRH:30
end_of_record
TN:
SF:src/middleware/deprecation.js
FN:9,(anonymous_0)
FN:10,(anonymous_1)
FNF:2
FNH:2
FNDA:1,(anonymous_0)
FNDA:3,(anonymous_1)
DA:9,1
DA:10,1
DA:12,3
DA:14,3
DA:15,3
DA:17,3
DA:18,3
DA:22,3
DA:24,3
DA:27,3
DA:31,1
LF:11
LH:11
BRDA:9,0,0,0
BRDA:14,1,0,3
BRDA:14,1,1,0
BRDA:17,2,0,3
BRDA:17,2,1,0
BRDA:22,3,0,3
BRDA:22,3,1,0
BRF:7
BRH:3
end_of_record
TN:
SF:src/middleware/errorHandler.js
FN:12,errorHandler
FNF:1
FNH:1
FNDA:8,errorHandler
DA:1,3
DA:2,3
DA:16,8
DA:17,1
DA:27,7
DA:28,7
DA:39,8
DA:40,8
DA:43,3
LF:9
LH:9
BRDA:16,0,0,1
BRDA:16,0,1,7
BRDA:22,1,0,1
BRDA:22,1,1,1
BRF:4
BRH:4
end_of_record
TN:
SF:src/middleware/rateLimit.js
FN:25,(anonymous_0)
FN:48,(anonymous_1)
FNF:2
FNH:2
FNDA:75,(anonymous_0)
FNDA:28,(anonymous_1)
DA:6,4
DA:12,4
DA:27,75
DA:35,4
DA:49,28
DA:53,4
LF:6
LH:6
BRDA:27,0,0,0
BRDA:27,0,1,75
BRDA:49,1,0,0
BRDA:49,1,1,28
BRF:4
BRH:2
end_of_record
TN:
SF:src/middleware/security.js
FN:37,createSecurityMiddleware
FNF:1
FNH:1
FNDA:4,createSecurityMiddleware
DA:22,4
DA:38,4
DA:137,4
LF:3
LH:3
BRF:0
BRH:0
end_of_record
TN:
SF:src/services/invoice.service.js
FN:31,getInvoices
FNF:1
FNH:1
FNDA:2,getInvoices
DA:1,3
DA:2,3
DA:11,3
DA:32,2
DA:33,2
DA:36,2
DA:42,2
DA:44,1
DA:45,1
DA:49,3
LF:10
LH:10
BRF:0
BRH:0
end_of_record
TN:
SF:src/services/soroban.js
FN:50,sleep
FN:51,(anonymous_1)
FN:64,computeBackoff
FN:79,isRetryable
FN:109,withRetry
FN:146,callSorobanContract
FN:147,(anonymous_6)
FNF:7
FNH:7
FNDA:1,sleep
FNDA:1,(anonymous_1)
FNDA:1,computeBackoff
FNDA:2,isRetryable
FNDA:6,withRetry
FNDA:6,callSorobanContract
FNDA:6,(anonymous_6)
DA:13,8
DA:18,8
DA:31,8
DA:42,8
DA:51,1
DA:65,1
DA:66,1
DA:67,1
DA:68,1
DA:69,1
DA:80,2
DA:81,2
DA:82,1
DA:83,1
DA:84,1
DA:110,6
DA:111,6
DA:114,6
DA:115,7
DA:116,7
DA:118,2
DA:119,2
DA:120,2
DA:122,1
DA:123,1
DA:128,0
DA:147,6
DA:150,8
LF:28
LH:27
BRDA:32,0,0,8
BRDA:32,0,1,8
BRDA:33,1,0,8
BRDA:33,1,1,8
BRDA:34,2,0,8
BRDA:34,2,1,8
BRDA:80,3,0,0
BRDA:80,3,1,2
BRDA:81,4,0,1
BRDA:81,4,1,1
BRDA:81,5,0,2
BRDA:81,5,1,2
BRDA:82,6,0,0
BRDA:82,6,1,1
BRDA:82,7,0,1
BRDA:82,7,1,1
BRDA:82,7,2,0
BRDA:83,8,0,0
BRDA:83,8,1,1
BRDA:83,9,0,1
BRDA:83,9,1,0
BRDA:120,10,0,1
BRDA:120,10,1,1
BRDA:120,11,0,2
BRDA:120,11,1,2
BRF:25
BRH:20
end_of_record
TN:
SF:src/utils/asyncHandler.js
FN:8,(anonymous_0)
FN:9,(anonymous_1)
FNF:2
FNH:2
FNDA:5,(anonymous_0)
FNDA:5,(anonymous_1)
DA:8,2
DA:9,5
DA:10,5
DA:14,2
LF:4
LH:4
BRF:0
BRH:0
end_of_record
TN:
SF:src/utils/circuitBreaker.js
FN:32,(anonymous_0)
FN:48,(anonymous_1)
FN:76,(anonymous_2)
FN:91,(anonymous_3)
FNF:4
FNH:4
FNDA:15,(anonymous_0)
FNDA:15,(anonymous_1)
FNDA:7,(anonymous_2)
FNDA:6,(anonymous_3)
DA:12,9
DA:33,15
DA:34,15
DA:35,15
DA:37,15
DA:38,15
DA:39,15
DA:49,15
DA:50,4
DA:52,2
DA:55,2
DA:56,1
DA:58,1
DA:62,13
DA:63,13
DA:64,7
DA:66,6
DA:77,7
DA:78,7
DA:79,1
DA:81,7
DA:92,6
DA:94,6
DA:95,3
DA:96,3
DA:99,6
DA:100,1
DA:103,5
DA:107,9
LF:29
LH:29
BRDA:32,0,0,0
BRDA:33,1,0,15
BRDA:33,1,1,0
BRDA:34,2,0,15
BRDA:34,2,1,0
BRDA:35,3,0,15
BRDA:35,3,1,14
BRDA:49,4,0,4
BRDA:49,4,1,11
BRDA:50,5,0,2
BRDA:50,5,1,2
BRDA:55,6,0,1
BRDA:55,6,1,1
BRDA:78,7,0,1
BRDA:78,7,1,6
BRDA:94,8,0,3
BRDA:94,8,1,3
BRDA:94,9,0,6
BRDA:94,9,1,5
BRDA:99,10,0,1
BRDA:99,10,1,5
BRDA:99,11,0,6
BRDA:99,11,1,3
BRF:23
BRH:20
end_of_record
TN:
SF:src/utils/problemDetails.js
FN:14,formatProblemDetails
FNF:1
FNH:1
FNDA:11,formatProblemDetails
DA:23,11
DA:32,11
DA:33,8
DA:36,11
DA:39,4
LF:5
LH:5
BRDA:15,0,0,1
BRDA:16,1,0,1
BRDA:17,2,0,1
BRDA:21,3,0,9
BRDA:32,4,0,8
BRDA:32,4,1,3
BRDA:32,5,0,11
BRDA:32,5,1,9
BRF:8
BRH:8
end_of_record
TN:
SF:src/utils/queryBuilder.js
FN:22,applyQueryOptions
FN:27,(anonymous_1)
FNF:2
FNH:2
FNDA:13,applyQueryOptions
FNDA:11,(anonymous_1)
DA:23,13
DA:24,13
DA:27,13
DA:28,11
DA:29,11
DA:31,8
DA:32,7
DA:35,7
DA:36,1
DA:37,6
DA:38,1
DA:41,5
DA:47,13
DA:48,13
DA:49,5
DA:50,5
DA:51,5
DA:52,8
DA:54,7
DA:55,7
DA:56,7
DA:59,13
DA:62,4
LF:23
LH:23
BRDA:22,0,0,0
BRDA:22,1,0,0
BRDA:23,2,0,7
BRDA:23,3,0,7
BRDA:24,4,0,0
BRDA:24,5,0,0
BRDA:24,6,0,1
BRDA:29,7,0,3
BRDA:29,7,1,8
BRDA:29,8,0,11
BRDA:29,8,1,10
BRDA:29,8,2,9
BRDA:31,9,0,7
BRDA:31,9,1,1
BRDA:32,10,0,7
BRDA:32,10,1,4
BRDA:35,11,0,1
BRDA:35,11,1,6
BRDA:37,12,0,1
BRDA:37,12,1,5
BRDA:47,13,0,9
BRDA:48,14,0,5
BRDA:48,14,1,8
BRDA:48,15,0,13
BRDA:48,15,1,6
BRDA:49,16,0,5
BRDA:49,16,1,5
BRDA:50,17,0,4
BRDA:50,17,1,1
BRDA:52,18,0,7
BRDA:52,18,1,1
BRDA:55,19,0,7
BRDA:55,19,1,7
BRF:33
BRH:29
end_of_record
TN:
SF:src/utils/responseHelper.js
FN:15,(anonymous_0)
FN:33,(anonymous_1)
FNF:2
FNH:2
FNDA:2,(anonymous_0)
FNDA:2,(anonymous_1)
DA:6,1
DA:15,2
DA:33,2
DA:46,1
LF:4
LH:4
BRDA:15,0,0,1
BRDA:33,1,0,1
BRDA:33,2,0,1
BRF:3
BRH:3
SF:src/services/soroban.js
FN:9,isTransientError
FN:19,(anonymous_1)
FN:29,callSorobanContract
FNF:3
FNH:3
FNDA:8,isTransientError
FNDA:53,(anonymous_1)
FNDA:3,callSorobanContract
DA:1,1
DA:10,8
DA:18,8
DA:19,53
DA:30,3
DA:37,3
DA:40,1
LF:7
LH:7
BRDA:18,0,0,8
BRDA:18,0,1,0
BRDA:29,1,0,2
BRF:3
BRH:2
end_of_record
TN:
SF:src/utils/retry.js
FN:27,withRetry
FN:37,(anonymous_1)
FN:63,(anonymous_2)
FNF:3
FNH:3
FNDA:6,withRetry
FNDA:15,(anonymous_1)
FNDA:15,(anonymous_2)
DA:29,6
DA:30,6
DA:31,6
DA:37,15
DA:38,6
DA:41,6
DA:42,6
DA:43,6
DA:45,6
DA:47,6
DA:48,21
DA:49,21
DA:51,19
DA:52,4
DA:56,15
DA:57,15
DA:60,15
DA:62,15
DA:63,15
DA:68,1
LF:20
LH:20
BRDA:27,0,0,1
BRDA:34,1,0,1
BRDA:35,2,0,1
BRDA:36,3,0,5
BRDA:37,4,0,5
BRDA:51,5,0,4
BRDA:51,5,1,15
BRDA:51,6,0,19
BRDA:51,6,1,16
BRF:9
BRH:9
end_of_record
